{"D:\\skytale-challenge\\skytale-be\\src\\controllers\\index.ts": {"path":"D:\\skytale-challenge\\skytale-be\\src\\controllers\\index.ts","statementMap":{"0":{"start":{"line":1,"column":0},"end":{"line":1,"column":60}},"1":{"start":{"line":2,"column":0},"end":{"line":2,"column":55}},"2":{"start":{"line":5,"column":13},"end":{"line":5,"column":96}}},"fnMap":{},"branchMap":{},"s":{"0":0,"1":0,"2":0},"f":{},"b":{}}
,"D:\\skytale-challenge\\skytale-be\\src\\controllers\\wallet.controller.ts": {"path":"D:\\skytale-challenge\\skytale-be\\src\\controllers\\wallet.controller.ts","statementMap":{"0":{"start":{"line":2,"column":0},"end":{"line":2,"column":39}},"1":{"start":{"line":4,"column":0},"end":{"line":4,"column":80}},"2":{"start":{"line":5,"column":0},"end":{"line":5,"column":56}},"3":{"start":{"line":12,"column":0},"end":{"line":12,"column":13}},"4":{"start":{"line":14,"column":19},"end":{"line":14,"column":47}},"5":{"start":{"line":15,"column":19},"end":{"line":15,"column":49}},"6":{"start":{"line":25,"column":14},"end":{"line":58,"column":null}},"7":{"start":{"line":26,"column":8},"end":{"line":26,"column":34}},"8":{"start":{"line":29,"column":9},"end":{"line":29,"column":31}},"9":{"start":{"line":30,"column":9},"end":{"line":30,"column":46}},"10":{"start":{"line":32,"column":3},"end":{"line":32,"column":74}},"11":{"start":{"line":34,"column":18},"end":{"line":38,"column":null}},"12":{"start":{"line":34,"column":9},"end":{"line":38,"column":null}},"13":{"start":{"line":40,"column":3},"end":{"line":40,"column":76}},"14":{"start":{"line":43,"column":9},"end":{"line":47,"column":27}},"15":{"start":{"line":49,"column":3},"end":{"line":49,"column":52}},"16":{"start":{"line":51,"column":3},"end":{"line":51,"column":56}},"17":{"start":{"line":53,"column":3},"end":{"line":53,"column":49}},"18":{"start":{"line":54,"column":3},"end":{"line":56,"column":52}},"19":{"start":{"line":68,"column":14},"end":{"line":119,"column":null}},"20":{"start":{"line":69,"column":8},"end":{"line":69,"column":22}},"21":{"start":{"line":70,"column":8},"end":{"line":70,"column":25}},"22":{"start":{"line":71,"column":8},"end":{"line":71,"column":34}},"23":{"start":{"line":72,"column":6},"end":{"line":72,"column":20}},"24":{"start":{"line":74,"column":6},"end":{"line":74,"column":40}},"25":{"start":{"line":75,"column":6},"end":{"line":75,"column":45}},"26":{"start":{"line":79,"column":9},"end":{"line":79,"column":33}},"27":{"start":{"line":81,"column":3},"end":{"line":81,"column":80}},"28":{"start":{"line":82,"column":3},"end":{"line":82,"column":94}},"29":{"start":{"line":84,"column":6},"end":{"line":84,"column":16}},"30":{"start":{"line":85,"column":23},"end":{"line":85,"column":null}},"31":{"start":{"line":85,"column":10},"end":{"line":85,"column":null}},"32":{"start":{"line":86,"column":4},"end":{"line":86,"column":43}},"33":{"start":{"line":90,"column":3},"end":{"line":92,"column":null}},"34":{"start":{"line":91,"column":4},"end":{"line":91,"column":83}},"35":{"start":{"line":91,"column":56},"end":{"line":91,"column":82}},"36":{"start":{"line":93,"column":3},"end":{"line":93,"column":81}},"37":{"start":{"line":96,"column":3},"end":{"line":101,"column":null}},"38":{"start":{"line":97,"column":10},"end":{"line":97,"column":55}},"39":{"start":{"line":98,"column":4},"end":{"line":98,"column":73}},"40":{"start":{"line":100,"column":4},"end":{"line":100,"column":53}},"41":{"start":{"line":103,"column":3},"end":{"line":103,"column":95}},"42":{"start":{"line":105,"column":3},"end":{"line":105,"column":52}},"43":{"start":{"line":107,"column":3},"end":{"line":112,"column":5}},"44":{"start":{"line":114,"column":3},"end":{"line":114,"column":56}},"45":{"start":{"line":116,"column":3},"end":{"line":116,"column":49}},"46":{"start":{"line":117,"column":3},"end":{"line":117,"column":102}},"47":{"start":{"line":128,"column":14},"end":{"line":146,"column":null}},"48":{"start":{"line":129,"column":8},"end":{"line":129,"column":34}},"49":{"start":{"line":132,"column":7},"end":{"line":132,"column":38}},"50":{"start":{"line":133,"column":9},"end":{"line":133,"column":33}},"51":{"start":{"line":134,"column":3},"end":{"line":134,"column":75}},"52":{"start":{"line":136,"column":6},"end":{"line":136,"column":16}},"53":{"start":{"line":137,"column":23},"end":{"line":137,"column":null}},"54":{"start":{"line":137,"column":10},"end":{"line":137,"column":null}},"55":{"start":{"line":138,"column":4},"end":{"line":138,"column":67}},"56":{"start":{"line":141,"column":3},"end":{"line":141,"column":56}},"57":{"start":{"line":143,"column":3},"end":{"line":143,"column":49}},"58":{"start":{"line":144,"column":3},"end":{"line":144,"column":85}},"59":{"start":{"line":153,"column":9},"end":{"line":172,"column":null}},"60":{"start":{"line":154,"column":39},"end":{"line":154,"column":41}},"61":{"start":{"line":156,"column":2},"end":{"line":169,"column":null}},"62":{"start":{"line":156,"column":24},"end":{"line":156,"column":32}},"63":{"start":{"line":156,"column":20},"end":{"line":156,"column":24}},"64":{"start":{"line":157,"column":23},"end":{"line":157,"column":33}},"65":{"start":{"line":158,"column":18},"end":{"line":158,"column":37}},"66":{"start":{"line":159,"column":18},"end":{"line":159,"column":32}},"67":{"start":{"line":160,"column":37},"end":{"line":160,"column":54}},"68":{"start":{"line":160,"column":15},"end":{"line":160,"column":17}},"69":{"start":{"line":160,"column":22},"end":{"line":160,"column":24}},"70":{"start":{"line":160,"column":32},"end":{"line":160,"column":37}},"71":{"start":{"line":162,"column":3},"end":{"line":166,"column":25}},"72":{"start":{"line":168,"column":3},"end":{"line":168,"column":30}},"73":{"start":{"line":171,"column":2},"end":{"line":171,"column":18}},"74":{"start":{"line":174,"column":9},"end":{"line":176,"column":null}},"75":{"start":{"line":175,"column":2},"end":{"line":175,"column":81}},"76":{"start":{"line":177,"column":0},"end":{"line":177,"column":null}},"77":{"start":{"line":12,"column":13},"end":{"line":12,"column":29}}},"fnMap":{"0":{"name":"(anonymous_13)","decl":{"start":{"line":12,"column":0},"end":{"line":12,"column":13}},"loc":{"start":{"line":12,"column":0},"end":{"line":177,"column":null}}},"1":{"name":"WalletController","decl":{"start":{"line":13,"column":1},"end":{"line":13,"column":null}},"loc":{"start":{"line":15,"column":49},"end":{"line":16,"column":5}}},"2":{"name":"(anonymous_15)","decl":{"start":{"line":25,"column":1},"end":{"line":25,"column":14}},"loc":{"start":{"line":25,"column":62},"end":{"line":58,"column":null}}},"3":{"name":"(anonymous_18)","decl":{"start":{"line":68,"column":1},"end":{"line":68,"column":14}},"loc":{"start":{"line":68,"column":63},"end":{"line":119,"column":null}}},"4":{"name":"(anonymous_21)","decl":{"start":{"line":91,"column":39},"end":{"line":91,"column":40}},"loc":{"start":{"line":91,"column":51},"end":{"line":91,"column":67}}},"5":{"name":"(anonymous_22)","decl":{"start":{"line":128,"column":1},"end":{"line":128,"column":14}},"loc":{"start":{"line":128,"column":59},"end":{"line":146,"column":null}}},"6":{"name":"(anonymous_25)","decl":{"start":{"line":153,"column":1},"end":{"line":153,"column":9}},"loc":{"start":{"line":153,"column":55},"end":{"line":172,"column":2}}},"7":{"name":"(anonymous_26)","decl":{"start":{"line":174,"column":1},"end":{"line":174,"column":9}},"loc":{"start":{"line":174,"column":46},"end":{"line":176,"column":2}}}},"branchMap":{"0":{"loc":{"start":{"line":53,"column":32},"end":{"line":53,"column":47}},"type":"binary-expr","locations":[{"start":{"line":53,"column":32},"end":{"line":53,"column":41}},{"start":{"line":53,"column":45},"end":{"line":53,"column":47}}]},"1":{"loc":{"start":{"line":84,"column":6},"end":{"line":84,"column":16}},"type":"if","locations":[{"start":{"line":84,"column":6},"end":{"line":84,"column":16}}]},"2":{"loc":{"start":{"line":85,"column":70},"end":{"line":85,"column":87}},"type":"cond-expr","locations":[{"start":{"line":85,"column":80},"end":{"line":85,"column":82}},{"start":{"line":85,"column":70},"end":{"line":85,"column":87}}]},"3":{"loc":{"start":{"line":85,"column":70},"end":{"line":85,"column":82}},"type":"binary-expr","locations":[{"start":{"line":85,"column":70},"end":{"line":85,"column":82}},{"start":{"line":85,"column":70},"end":{"line":85,"column":82}}]},"4":{"loc":{"start":{"line":85,"column":89},"end":{"line":85,"column":108}},"type":"cond-expr","locations":[{"start":{"line":85,"column":99},"end":{"line":85,"column":101}},{"start":{"line":85,"column":89},"end":{"line":85,"column":108}}]},"5":{"loc":{"start":{"line":85,"column":89},"end":{"line":85,"column":101}},"type":"binary-expr","locations":[{"start":{"line":85,"column":89},"end":{"line":85,"column":101}},{"start":{"line":85,"column":89},"end":{"line":85,"column":101}}]},"6":{"loc":{"start":{"line":90,"column":3},"end":{"line":92,"column":null}},"type":"if","locations":[{"start":{"line":90,"column":3},"end":{"line":92,"column":null}}]},"7":{"loc":{"start":{"line":96,"column":3},"end":{"line":101,"column":null}},"type":"if","locations":[{"start":{"line":96,"column":3},"end":{"line":101,"column":null}},{"start":{"line":99,"column":10},"end":{"line":101,"column":null}}]},"8":{"loc":{"start":{"line":103,"column":45},"end":{"line":103,"column":70}},"type":"cond-expr","locations":[{"start":{"line":103,"column":50},"end":{"line":103,"column":64}},{"start":{"line":103,"column":67},"end":{"line":103,"column":70}}]},"9":{"loc":{"start":{"line":109,"column":18},"end":{"line":109,"column":43}},"type":"cond-expr","locations":[{"start":{"line":109,"column":23},"end":{"line":109,"column":37}},{"start":{"line":109,"column":40},"end":{"line":109,"column":43}}]},"10":{"loc":{"start":{"line":116,"column":32},"end":{"line":116,"column":47}},"type":"binary-expr","locations":[{"start":{"line":116,"column":32},"end":{"line":116,"column":41}},{"start":{"line":116,"column":45},"end":{"line":116,"column":47}}]},"11":{"loc":{"start":{"line":141,"column":3},"end":{"line":141,"column":56}},"type":"switch","locations":[{"start":{"line":141,"column":3},"end":{"line":141,"column":56}}]},"12":{"loc":{"start":{"line":136,"column":6},"end":{"line":136,"column":16}},"type":"if","locations":[{"start":{"line":136,"column":6},"end":{"line":136,"column":16}}]},"13":{"loc":{"start":{"line":137,"column":70},"end":{"line":137,"column":87}},"type":"cond-expr","locations":[{"start":{"line":137,"column":80},"end":{"line":137,"column":82}},{"start":{"line":137,"column":70},"end":{"line":137,"column":87}}]},"14":{"loc":{"start":{"line":137,"column":70},"end":{"line":137,"column":82}},"type":"binary-expr","locations":[{"start":{"line":137,"column":70},"end":{"line":137,"column":82}},{"start":{"line":137,"column":70},"end":{"line":137,"column":82}}]},"15":{"loc":{"start":{"line":137,"column":89},"end":{"line":137,"column":108}},"type":"cond-expr","locations":[{"start":{"line":137,"column":99},"end":{"line":137,"column":101}},{"start":{"line":137,"column":89},"end":{"line":137,"column":108}}]},"16":{"loc":{"start":{"line":137,"column":89},"end":{"line":137,"column":101}},"type":"binary-expr","locations":[{"start":{"line":137,"column":89},"end":{"line":137,"column":101}},{"start":{"line":137,"column":89},"end":{"line":137,"column":101}}]},"17":{"loc":{"start":{"line":143,"column":32},"end":{"line":143,"column":47}},"type":"binary-expr","locations":[{"start":{"line":143,"column":32},"end":{"line":143,"column":41}},{"start":{"line":143,"column":45},"end":{"line":143,"column":47}}]}},"s":{"0":1,"1":1,"2":1,"3":1,"4":8,"5":8,"6":1,"7":2,"8":2,"9":2,"10":2,"11":2,"12":2,"13":2,"14":2,"15":2,"16":2,"17":0,"18":0,"19":1,"20":4,"21":4,"22":4,"23":4,"24":4,"25":4,"26":4,"27":4,"28":4,"29":4,"30":4,"31":4,"32":4,"33":4,"34":2,"35":36,"36":4,"37":4,"38":0,"39":0,"40":4,"41":4,"42":4,"43":4,"44":4,"45":0,"46":0,"47":1,"48":2,"49":2,"50":2,"51":2,"52":2,"53":2,"54":2,"55":2,"56":2,"57":0,"58":0,"59":1,"60":2,"61":2,"62":4,"63":18,"64":18,"65":18,"66":18,"67":18,"68":18,"69":18,"70":18,"71":18,"72":18,"73":2,"74":1,"75":0,"76":1,"77":1},"f":{"0":1,"1":8,"2":2,"3":4,"4":36,"5":2,"6":2,"7":0},"b":{"0":[0,0],"1":[0],"2":[0,4],"3":[4,4],"4":[0,4],"5":[4,4],"6":[2],"7":[0,4],"8":[0,4],"9":[0,4],"10":[0,0],"11":[2],"12":[0],"13":[0,2],"14":[2,2],"15":[0,2],"16":[2,2],"17":[0,0]}}
,"D:\\skytale-challenge\\skytale-be\\src\\middlewares\\requestid.middleware.ts": {"path":"D:\\skytale-challenge\\skytale-be\\src\\middlewares\\requestid.middleware.ts","statementMap":{"0":{"start":{"line":2,"column":0},"end":{"line":2,"column":39}},"1":{"start":{"line":13,"column":1},"end":{"line":13,"column":42}},"2":{"start":{"line":14,"column":1},"end":{"line":14,"column":8}},"3":{"start":{"line":12,"column":0},"end":{"line":12,"column":22}}},"fnMap":{"0":{"name":"requestidMiddleware","decl":{"start":{"line":12,"column":22},"end":{"line":12,"column":41}},"loc":{"start":{"line":12,"column":95},"end":{"line":15,"column":null}}}},"branchMap":{},"s":{"0":1,"1":1,"2":1,"3":1},"f":{"0":1},"b":{}}
,"D:\\skytale-challenge\\skytale-be\\src\\middlewares\\validate-usertoken.middleware.ts": {"path":"D:\\skytale-challenge\\skytale-be\\src\\middlewares\\validate-usertoken.middleware.ts","statementMap":{"0":{"start":{"line":3,"column":0},"end":{"line":3,"column":64}},"1":{"start":{"line":4,"column":0},"end":{"line":4,"column":56}},"2":{"start":{"line":5,"column":0},"end":{"line":5,"column":44}},"3":{"start":{"line":16,"column":7},"end":{"line":16,"column":43}},"4":{"start":{"line":18,"column":8},"end":{"line":18,"column":42}},"5":{"start":{"line":20,"column":2},"end":{"line":22,"column":null}},"6":{"start":{"line":21,"column":3},"end":{"line":21,"column":91}},"7":{"start":{"line":24,"column":17},"end":{"line":24,"column":null}},"8":{"start":{"line":24,"column":8},"end":{"line":24,"column":null}},"9":{"start":{"line":26,"column":2},"end":{"line":26,"column":22}},"10":{"start":{"line":28,"column":2},"end":{"line":30,"column":86}},"11":{"start":{"line":32,"column":2},"end":{"line":32,"column":21}},"12":{"start":{"line":33,"column":2},"end":{"line":35,"column":51}},"13":{"start":{"line":15,"column":0},"end":{"line":15,"column":22}}},"fnMap":{"0":{"name":"validateUserToken","decl":{"start":{"line":15,"column":22},"end":{"line":15,"column":39}},"loc":{"start":{"line":15,"column":93},"end":{"line":37,"column":null}}}},"branchMap":{"0":{"loc":{"start":{"line":20,"column":2},"end":{"line":22,"column":null}},"type":"if","locations":[{"start":{"line":20,"column":2},"end":{"line":22,"column":null}}]},"1":{"loc":{"start":{"line":28,"column":9},"end":{"line":30,"column":85}},"type":"cond-expr","locations":[{"start":{"line":29,"column":5},"end":{"line":29,"column":11}},{"start":{"line":30,"column":5},"end":{"line":30,"column":85}}]}},"s":{"0":0,"1":0,"2":0,"3":0,"4":0,"5":0,"6":0,"7":0,"8":0,"9":0,"10":0,"11":0,"12":0,"13":0},"f":{"0":0},"b":{"0":[0],"1":[0,0]}}
,"D:\\skytale-challenge\\skytale-be\\src\\middlewares\\validate-wallet-body.middleware.ts": {"path":"D:\\skytale-challenge\\skytale-be\\src\\middlewares\\validate-wallet-body.middleware.ts","statementMap":{"0":{"start":{"line":2,"column":0},"end":{"line":2,"column":64}},"1":{"start":{"line":3,"column":0},"end":{"line":3,"column":56}},"2":{"start":{"line":4,"column":0},"end":{"line":4,"column":61}},"3":{"start":{"line":14,"column":7},"end":{"line":14,"column":29}},"4":{"start":{"line":15,"column":7},"end":{"line":15,"column":58}},"5":{"start":{"line":17,"column":1},"end":{"line":24,"column":null}},"6":{"start":{"line":18,"column":8},"end":{"line":18,"column":72}},"7":{"start":{"line":18,"column":61},"end":{"line":18,"column":71}},"8":{"start":{"line":19,"column":2},"end":{"line":19,"column":29}},"9":{"start":{"line":21,"column":2},"end":{"line":23,"column":60}},"10":{"start":{"line":26,"column":1},"end":{"line":26,"column":15}},"11":{"start":{"line":13,"column":0},"end":{"line":13,"column":22}}},"fnMap":{"0":{"name":"validateWalletBodyMiddleware","decl":{"start":{"line":13,"column":22},"end":{"line":13,"column":50}},"loc":{"start":{"line":13,"column":98},"end":{"line":27,"column":null}}},"1":{"name":"(anonymous_16)","decl":{"start":{"line":18,"column":54},"end":{"line":18,"column":55}},"loc":{"start":{"line":18,"column":56},"end":{"line":18,"column":62}}}},"branchMap":{"0":{"loc":{"start":{"line":17,"column":1},"end":{"line":24,"column":null}},"type":"if","locations":[{"start":{"line":17,"column":1},"end":{"line":24,"column":null}}]},"1":{"loc":{"start":{"line":18,"column":24},"end":{"line":18,"column":71}},"type":"cond-expr","locations":[{"start":{"line":18,"column":40},"end":{"line":18,"column":42}},{"start":{"line":18,"column":40},"end":{"line":18,"column":71}}]},"2":{"loc":{"start":{"line":18,"column":24},"end":{"line":18,"column":42}},"type":"binary-expr","locations":[{"start":{"line":18,"column":24},"end":{"line":18,"column":42}},{"start":{"line":18,"column":40},"end":{"line":18,"column":42}}]}},"s":{"0":0,"1":0,"2":0,"3":0,"4":0,"5":0,"6":0,"7":0,"8":0,"9":0,"10":0,"11":0},"f":{"0":0,"1":0},"b":{"0":[0],"1":[0,0],"2":[0,0]}}
,"D:\\skytale-challenge\\skytale-be\\src\\services\\index.ts": {"path":"D:\\skytale-challenge\\skytale-be\\src\\services\\index.ts","statementMap":{"0":{"start":{"line":1,"column":0},"end":{"line":1,"column":9}},"1":{"start":{"line":1,"column":9},"end":{"line":1,"column":49}},"2":{"start":{"line":2,"column":0},"end":{"line":2,"column":9}},"3":{"start":{"line":2,"column":9},"end":{"line":2,"column":51}}},"fnMap":{"0":{"name":"(anonymous_0)","decl":{"start":{"line":1,"column":9},"end":{"line":1,"column":22}},"loc":{"start":{"line":1,"column":9},"end":{"line":1,"column":49}}},"1":{"name":"(anonymous_1)","decl":{"start":{"line":2,"column":9},"end":{"line":2,"column":23}},"loc":{"start":{"line":2,"column":9},"end":{"line":2,"column":51}}}},"branchMap":{},"s":{"0":3,"1":15,"2":3,"3":12},"f":{"0":12,"1":9},"b":{}}
,"D:\\skytale-challenge\\skytale-be\\src\\services\\skytale.service.ts": {"path":"D:\\skytale-challenge\\skytale-be\\src\\services\\skytale.service.ts","statementMap":{"0":{"start":{"line":1,"column":0},"end":{"line":1,"column":26}},"1":{"start":{"line":7,"column":0},"end":{"line":7,"column":13}},"2":{"start":{"line":14,"column":14},"end":{"line":17,"column":null}},"3":{"start":{"line":15,"column":19},"end":{"line":15,"column":null}},"4":{"start":{"line":15,"column":8},"end":{"line":15,"column":null}},"5":{"start":{"line":16,"column":2},"end":{"line":16,"column":23}},"6":{"start":{"line":23,"column":9},"end":{"line":25,"column":null}},"7":{"start":{"line":24,"column":2},"end":{"line":24,"column":48}},"8":{"start":{"line":26,"column":0},"end":{"line":26,"column":null}},"9":{"start":{"line":7,"column":13},"end":{"line":7,"column":27}}},"fnMap":{"0":{"name":"(anonymous_14)","decl":{"start":{"line":7,"column":0},"end":{"line":7,"column":13}},"loc":{"start":{"line":7,"column":0},"end":{"line":26,"column":null}}},"1":{"name":"(anonymous_16)","decl":{"start":{"line":14,"column":1},"end":{"line":14,"column":14}},"loc":{"start":{"line":14,"column":64},"end":{"line":17,"column":null}}},"2":{"name":"(anonymous_19)","decl":{"start":{"line":23,"column":1},"end":{"line":23,"column":9}},"loc":{"start":{"line":23,"column":1},"end":{"line":25,"column":2}}}},"branchMap":{"0":{"loc":{"start":{"line":15,"column":19},"end":{"line":15,"column":null}},"type":"switch","locations":[{"start":{"line":15,"column":19},"end":{"line":15,"column":null}}]}},"s":{"0":2,"1":2,"2":2,"3":1,"4":1,"5":1,"6":2,"7":1,"8":2,"9":2},"f":{"0":3,"1":1,"2":1},"b":{"0":[1]}}
,"D:\\skytale-challenge\\skytale-be\\src\\services\\wallet.service.ts": {"path":"D:\\skytale-challenge\\skytale-be\\src\\services\\wallet.service.ts","statementMap":{"0":{"start":{"line":1,"column":0},"end":{"line":1,"column":57}},"1":{"start":{"line":6,"column":0},"end":{"line":6,"column":13}},"2":{"start":{"line":13,"column":14},"end":{"line":16,"column":null}},"3":{"start":{"line":14,"column":17},"end":{"line":14,"column":null}},"4":{"start":{"line":14,"column":8},"end":{"line":14,"column":null}},"5":{"start":{"line":15,"column":2},"end":{"line":15,"column":16}},"6":{"start":{"line":23,"column":14},"end":{"line":26,"column":null}},"7":{"start":{"line":24,"column":17},"end":{"line":24,"column":null}},"8":{"start":{"line":24,"column":8},"end":{"line":24,"column":null}},"9":{"start":{"line":25,"column":2},"end":{"line":25,"column":16}},"10":{"start":{"line":27,"column":0},"end":{"line":27,"column":null}},"11":{"start":{"line":6,"column":13},"end":{"line":6,"column":26}}},"fnMap":{"0":{"name":"(anonymous_13)","decl":{"start":{"line":6,"column":0},"end":{"line":6,"column":13}},"loc":{"start":{"line":6,"column":0},"end":{"line":27,"column":null}}},"1":{"name":"(anonymous_15)","decl":{"start":{"line":13,"column":1},"end":{"line":13,"column":14}},"loc":{"start":{"line":13,"column":80},"end":{"line":16,"column":null}}},"2":{"name":"(anonymous_18)","decl":{"start":{"line":23,"column":1},"end":{"line":23,"column":14}},"loc":{"start":{"line":23,"column":51},"end":{"line":26,"column":null}}}},"branchMap":{"0":{"loc":{"start":{"line":14,"column":17},"end":{"line":14,"column":null}},"type":"switch","locations":[{"start":{"line":14,"column":17},"end":{"line":14,"column":null}}]},"1":{"loc":{"start":{"line":24,"column":17},"end":{"line":24,"column":null}},"type":"switch","locations":[{"start":{"line":24,"column":17},"end":{"line":24,"column":null}}]}},"s":{"0":2,"1":2,"2":2,"3":2,"4":2,"5":2,"6":2,"7":2,"8":2,"9":2,"10":2,"11":2},"f":{"0":6,"1":2,"2":2},"b":{"0":[2],"1":[2]}}
}
