TN:
SF:src\controllers\index.ts
FNF:0
FNH:0
DA:1,0
DA:2,0
DA:5,0
LF:3
LH:0
BRF:0
BRH:0
end_of_record
TN:
SF:src\controllers\wallet.controller.ts
FN:12,(anonymous_13)
FN:13,WalletController
FN:25,(anonymous_15)
FN:68,(anonymous_18)
FN:91,(anonymous_21)
FN:128,(anonymous_22)
FN:153,(anonymous_25)
FN:174,(anonymous_26)
FNF:8
FNH:7
FNDA:1,(anonymous_13)
FNDA:8,WalletController
FNDA:2,(anonymous_15)
FNDA:4,(anonymous_18)
FNDA:36,(anonymous_21)
FNDA:2,(anonymous_22)
FNDA:2,(anonymous_25)
FNDA:0,(anonymous_26)
DA:2,1
DA:4,1
DA:5,1
DA:12,1
DA:14,8
DA:15,8
DA:25,1
DA:26,2
DA:29,2
DA:30,2
DA:32,2
DA:34,2
DA:40,2
DA:43,2
DA:49,2
DA:51,2
DA:53,0
DA:54,0
DA:68,1
DA:69,4
DA:70,4
DA:71,4
DA:72,4
DA:74,4
DA:75,4
DA:79,4
DA:81,4
DA:82,4
DA:84,4
DA:85,4
DA:86,4
DA:90,4
DA:91,36
DA:93,4
DA:96,4
DA:97,0
DA:98,0
DA:100,4
DA:103,4
DA:105,4
DA:107,4
DA:114,4
DA:116,0
DA:117,0
DA:128,1
DA:129,2
DA:132,2
DA:133,2
DA:134,2
DA:136,2
DA:137,2
DA:138,2
DA:141,2
DA:143,0
DA:144,0
DA:153,1
DA:154,2
DA:156,18
DA:157,18
DA:158,18
DA:159,18
DA:160,18
DA:162,18
DA:168,18
DA:171,2
DA:174,1
DA:175,0
DA:177,1
LF:68
LH:59
BRDA:53,0,0,0
BRDA:53,0,1,0
BRDA:84,1,0,0
BRDA:85,2,0,0
BRDA:85,2,1,4
BRDA:85,3,0,4
BRDA:85,3,1,4
BRDA:85,4,0,0
BRDA:85,4,1,4
BRDA:85,5,0,4
BRDA:85,5,1,4
BRDA:90,6,0,2
BRDA:96,7,0,0
BRDA:96,7,1,4
BRDA:103,8,0,0
BRDA:103,8,1,4
BRDA:109,9,0,0
BRDA:109,9,1,4
BRDA:116,10,0,0
BRDA:116,10,1,0
BRDA:141,11,0,2
BRDA:136,12,0,0
BRDA:137,13,0,0
BRDA:137,13,1,2
BRDA:137,14,0,2
BRDA:137,14,1,2
BRDA:137,15,0,0
BRDA:137,15,1,2
BRDA:137,16,0,2
BRDA:137,16,1,2
BRDA:143,17,0,0
BRDA:143,17,1,0
BRF:32
BRH:17
end_of_record
TN:
SF:src\middlewares\requestid.middleware.ts
FN:12,requestidMiddleware
FNF:1
FNH:1
FNDA:1,requestidMiddleware
DA:2,1
DA:12,1
DA:13,1
DA:14,1
LF:4
LH:4
BRF:0
BRH:0
end_of_record
TN:
SF:src\middlewares\validate-usertoken.middleware.ts
FN:15,validateUserToken
FNF:1
FNH:0
FNDA:0,validateUserToken
DA:3,0
DA:4,0
DA:5,0
DA:15,0
DA:16,0
DA:18,0
DA:20,0
DA:21,0
DA:24,0
DA:26,0
DA:28,0
DA:32,0
DA:33,0
LF:13
LH:0
BRDA:20,0,0,0
BRDA:28,1,0,0
BRDA:28,1,1,0
BRF:3
BRH:0
end_of_record
TN:
SF:src\middlewares\validate-wallet-body.middleware.ts
FN:13,validateWalletBodyMiddleware
FN:18,(anonymous_16)
FNF:2
FNH:0
FNDA:0,validateWalletBodyMiddleware
FNDA:0,(anonymous_16)
DA:2,0
DA:3,0
DA:4,0
DA:13,0
DA:14,0
DA:15,0
DA:17,0
DA:18,0
DA:19,0
DA:21,0
DA:26,0
LF:11
LH:0
BRDA:17,0,0,0
BRDA:18,1,0,0
BRDA:18,1,1,0
BRDA:18,2,0,0
BRDA:18,2,1,0
BRF:5
BRH:0
end_of_record
TN:
SF:src\services\index.ts
FN:1,(anonymous_0)
FN:2,(anonymous_1)
FNF:2
FNH:2
FNDA:12,(anonymous_0)
FNDA:9,(anonymous_1)
DA:1,15
DA:2,12
LF:2
LH:2
BRF:0
BRH:0
end_of_record
TN:
SF:src\services\skytale.service.ts
FN:7,(anonymous_14)
FN:14,(anonymous_16)
FN:23,(anonymous_19)
FNF:3
FNH:3
FNDA:3,(anonymous_14)
FNDA:1,(anonymous_16)
FNDA:1,(anonymous_19)
DA:1,2
DA:7,2
DA:14,2
DA:15,1
DA:16,1
DA:23,2
DA:24,1
DA:26,2
LF:8
LH:8
BRDA:15,0,0,1
BRF:1
BRH:1
end_of_record
TN:
SF:src\services\wallet.service.ts
FN:6,(anonymous_13)
FN:13,(anonymous_15)
FN:23,(anonymous_18)
FNF:3
FNH:3
FNDA:6,(anonymous_13)
FNDA:2,(anonymous_15)
FNDA:2,(anonymous_18)
DA:1,2
DA:6,2
DA:13,2
DA:14,2
DA:15,2
DA:23,2
DA:24,2
DA:25,2
DA:27,2
LF:9
LH:9
BRDA:14,0,0,2
BRDA:24,1,0,2
BRF:2
BRH:2
end_of_record
